{
  "/Users/elyssa/csc-308/Whats_In_The_Fridge/packages/express-backend/food-item.js": {
    "path": "/Users/elyssa/csc-308/Whats_In_The_Fridge/packages/express-backend/food-item.js",
    "statementMap": {
      "0": {
        "start": { "line": 3, "column": 19 },
        "end": { "line": 45, "column": 1 }
      }
    },
    "fnMap": {},
    "branchMap": {},
    "s": { "0": 1 },
    "f": {},
    "b": {},
    "_coverageSchema": "1a1c01bbd47fc00a2c39e90264f33305004495a9",
    "hash": "efd6d549a65b24e2d0f9731a2435009169ceaad0"
  },
  "/Users/elyssa/csc-308/Whats_In_The_Fridge/packages/express-backend/food-services.js": {
    "path": "/Users/elyssa/csc-308/Whats_In_The_Fridge/packages/express-backend/food-services.js",
    "statementMap": {
      "0": {
        "start": { "line": 4, "column": 0 },
        "end": { "line": 4, "column": 16 }
      },
      "1": {
        "start": { "line": 9, "column": 2 },
        "end": { "line": 9, "column": 25 }
      },
      "2": {
        "start": { "line": 10, "column": 2 },
        "end": { "line": 10, "column": 22 }
      },
      "3": {
        "start": { "line": 25, "column": 2 },
        "end": { "line": 25, "column": 22 }
      },
      "4": {
        "start": { "line": 30, "column": 20 },
        "end": { "line": 30, "column": 63 }
      },
      "5": {
        "start": { "line": 31, "column": 2 },
        "end": { "line": 33, "column": 33 }
      },
      "6": {
        "start": { "line": 37, "column": 20 },
        "end": { "line": 37, "column": 63 }
      },
      "7": {
        "start": { "line": 38, "column": 2 },
        "end": { "line": 38, "column": 50 }
      },
      "8": {
        "start": { "line": 42, "column": 20 },
        "end": { "line": 42, "column": 63 }
      },
      "9": {
        "start": { "line": 43, "column": 2 },
        "end": { "line": 54, "column": 3 }
      },
      "10": {
        "start": { "line": 44, "column": 22 },
        "end": { "line": 44, "column": 41 }
      },
      "11": {
        "start": { "line": 45, "column": 22 },
        "end": { "line": 45, "column": 44 }
      },
      "12": {
        "start": { "line": 46, "column": 4 },
        "end": { "line": 46, "column": 21 }
      },
      "13": {
        "start": { "line": 58, "column": 20 },
        "end": { "line": 58, "column": 63 }
      },
      "14": {
        "start": { "line": 61, "column": 2 },
        "end": { "line": 65, "column": 3 }
      },
      "15": {
        "start": { "line": 62, "column": 4 },
        "end": { "line": 62, "column": 36 }
      },
      "16": {
        "start": { "line": 64, "column": 4 },
        "end": { "line": 64, "column": 40 }
      },
      "17": {
        "start": { "line": 66, "column": 2 },
        "end": { "line": 66, "column": 16 }
      }
    },
    "fnMap": {
      "0": {
        "name": "setConnection",
        "decl": {
          "start": { "line": 8, "column": 9 },
          "end": { "line": 8, "column": 22 }
        },
        "loc": {
          "start": { "line": 8, "column": 32 },
          "end": { "line": 11, "column": 1 }
        },
        "line": 8
      },
      "1": {
        "name": "getDbConnection",
        "decl": {
          "start": { "line": 13, "column": 9 },
          "end": { "line": 13, "column": 24 }
        },
        "loc": {
          "start": { "line": 13, "column": 27 },
          "end": { "line": 26, "column": 1 }
        },
        "line": 13
      },
      "2": {
        "name": "findFoodByExpiration",
        "decl": {
          "start": { "line": 27, "column": 15 },
          "end": { "line": 27, "column": 35 }
        },
        "loc": {
          "start": { "line": 27, "column": 38 },
          "end": { "line": 34, "column": 1 }
        },
        "line": 27
      },
      "3": {
        "name": "findFoodByName",
        "decl": {
          "start": { "line": 36, "column": 15 },
          "end": { "line": 36, "column": 29 }
        },
        "loc": {
          "start": { "line": 36, "column": 36 },
          "end": { "line": 39, "column": 1 }
        },
        "line": 36
      },
      "4": {
        "name": "addFood",
        "decl": {
          "start": { "line": 41, "column": 15 },
          "end": { "line": 41, "column": 22 }
        },
        "loc": {
          "start": { "line": 41, "column": 29 },
          "end": { "line": 55, "column": 1 }
        },
        "line": 41
      },
      "5": {
        "name": "getFood",
        "decl": {
          "start": { "line": 57, "column": 15 },
          "end": { "line": 57, "column": 22 }
        },
        "loc": {
          "start": { "line": 57, "column": 29 },
          "end": { "line": 67, "column": 1 }
        },
        "line": 57
      }
    },
    "branchMap": {
      "0": {
        "loc": {
          "start": { "line": 61, "column": 2 },
          "end": { "line": 65, "column": 3 }
        },
        "type": "if",
        "locations": [
          {
            "start": { "line": 61, "column": 2 },
            "end": { "line": 65, "column": 3 }
          },
          {
            "start": { "line": 63, "column": 9 },
            "end": { "line": 65, "column": 3 }
          }
        ],
        "line": 61
      }
    },
    "s": {
      "0": 1,
      "1": 5,
      "2": 5,
      "3": 9,
      "4": 1,
      "5": 1,
      "6": 3,
      "7": 3,
      "8": 2,
      "9": 2,
      "10": 2,
      "11": 2,
      "12": 1,
      "13": 3,
      "14": 3,
      "15": 2,
      "16": 1,
      "17": 3
    },
    "f": { "0": 5, "1": 9, "2": 1, "3": 3, "4": 2, "5": 3 },
    "b": { "0": [2, 1] },
    "_coverageSchema": "1a1c01bbd47fc00a2c39e90264f33305004495a9",
    "hash": "a198f9d522fd134c2faee7e1f2d26c0f17dcdc22"
  },
  "/Users/elyssa/csc-308/Whats_In_The_Fridge/packages/express-backend/user-services.js": {
    "path": "/Users/elyssa/csc-308/Whats_In_The_Fridge/packages/express-backend/user-services.js",
    "statementMap": {
      "0": {
        "start": { "line": 4, "column": 0 },
        "end": { "line": 4, "column": 16 }
      },
      "1": {
        "start": { "line": 9, "column": 2 },
        "end": { "line": 9, "column": 25 }
      },
      "2": {
        "start": { "line": 10, "column": 2 },
        "end": { "line": 10, "column": 22 }
      },
      "3": {
        "start": { "line": 25, "column": 2 },
        "end": { "line": 25, "column": 22 }
      },
      "4": {
        "start": { "line": 29, "column": 20 },
        "end": { "line": 29, "column": 63 }
      },
      "5": {
        "start": { "line": 32, "column": 2 },
        "end": { "line": 40, "column": 3 }
      },
      "6": {
        "start": { "line": 33, "column": 4 },
        "end": { "line": 33, "column": 36 }
      },
      "7": {
        "start": { "line": 34, "column": 9 },
        "end": { "line": 40, "column": 3 }
      },
      "8": {
        "start": { "line": 35, "column": 4 },
        "end": { "line": 35, "column": 40 }
      },
      "9": {
        "start": { "line": 36, "column": 9 },
        "end": { "line": 40, "column": 3 }
      },
      "10": {
        "start": { "line": 37, "column": 4 },
        "end": { "line": 37, "column": 38 }
      },
      "11": {
        "start": { "line": 39, "column": 4 },
        "end": { "line": 39, "column": 51 }
      },
      "12": {
        "start": { "line": 41, "column": 2 },
        "end": { "line": 41, "column": 16 }
      },
      "13": {
        "start": { "line": 45, "column": 20 },
        "end": { "line": 45, "column": 63 }
      },
      "14": {
        "start": { "line": 46, "column": 2 },
        "end": { "line": 48, "column": 3 }
      },
      "15": {
        "start": { "line": 47, "column": 4 },
        "end": { "line": 47, "column": 16 }
      },
      "16": {
        "start": { "line": 49, "column": 2 },
        "end": { "line": 58, "column": 3 }
      },
      "17": {
        "start": { "line": 50, "column": 4 },
        "end": { "line": 50, "column": 40 }
      },
      "18": {
        "start": { "line": 62, "column": 20 },
        "end": { "line": 62, "column": 63 }
      },
      "19": {
        "start": { "line": 63, "column": 2 },
        "end": { "line": 65, "column": 3 }
      },
      "20": {
        "start": { "line": 64, "column": 4 },
        "end": { "line": 64, "column": 42 }
      },
      "21": {
        "start": { "line": 66, "column": 2 },
        "end": { "line": 77, "column": 3 }
      },
      "22": {
        "start": { "line": 67, "column": 22 },
        "end": { "line": 67, "column": 41 }
      },
      "23": {
        "start": { "line": 68, "column": 22 },
        "end": { "line": 68, "column": 44 }
      },
      "24": {
        "start": { "line": 69, "column": 4 },
        "end": { "line": 69, "column": 21 }
      },
      "25": {
        "start": { "line": 81, "column": 20 },
        "end": { "line": 81, "column": 63 }
      },
      "26": {
        "start": { "line": 82, "column": 2 },
        "end": { "line": 82, "column": 46 }
      },
      "27": {
        "start": { "line": 86, "column": 20 },
        "end": { "line": 86, "column": 63 }
      },
      "28": {
        "start": { "line": 87, "column": 2 },
        "end": { "line": 87, "column": 44 }
      },
      "29": {
        "start": { "line": 91, "column": 20 },
        "end": { "line": 91, "column": 63 }
      },
      "30": {
        "start": { "line": 92, "column": 2 },
        "end": { "line": 92, "column": 56 }
      },
      "31": {
        "start": { "line": 96, "column": 20 },
        "end": { "line": 96, "column": 63 }
      },
      "32": {
        "start": { "line": 97, "column": 2 },
        "end": { "line": 99, "column": 3 }
      },
      "33": {
        "start": { "line": 98, "column": 4 },
        "end": { "line": 98, "column": 17 }
      },
      "34": {
        "start": { "line": 100, "column": 2 },
        "end": { "line": 110, "column": 3 }
      },
      "35": {
        "start": { "line": 101, "column": 24 },
        "end": { "line": 101, "column": 61 }
      },
      "36": {
        "start": { "line": 102, "column": 4 },
        "end": { "line": 102, "column": 23 }
      }
    },
    "fnMap": {
      "0": {
        "name": "setConnection",
        "decl": {
          "start": { "line": 8, "column": 9 },
          "end": { "line": 8, "column": 22 }
        },
        "loc": {
          "start": { "line": 8, "column": 32 },
          "end": { "line": 11, "column": 1 }
        },
        "line": 8
      },
      "1": {
        "name": "getDbConnection",
        "decl": {
          "start": { "line": 13, "column": 9 },
          "end": { "line": 13, "column": 24 }
        },
        "loc": {
          "start": { "line": 13, "column": 27 },
          "end": { "line": 26, "column": 1 }
        },
        "line": 13
      },
      "2": {
        "name": "getUsers",
        "decl": {
          "start": { "line": 28, "column": 15 },
          "end": { "line": 28, "column": 23 }
        },
        "loc": {
          "start": { "line": 28, "column": 35 },
          "end": { "line": 42, "column": 1 }
        },
        "line": 28
      },
      "3": {
        "name": "findUserById",
        "decl": {
          "start": { "line": 44, "column": 15 },
          "end": { "line": 44, "column": 27 }
        },
        "loc": {
          "start": { "line": 44, "column": 32 },
          "end": { "line": 59, "column": 1 }
        },
        "line": 44
      },
      "4": {
        "name": "addUser",
        "decl": {
          "start": { "line": 61, "column": 15 },
          "end": { "line": 61, "column": 22 }
        },
        "loc": {
          "start": { "line": 61, "column": 29 },
          "end": { "line": 78, "column": 1 }
        },
        "line": 61
      },
      "5": {
        "name": "findUserByName",
        "decl": {
          "start": { "line": 80, "column": 15 },
          "end": { "line": 80, "column": 29 }
        },
        "loc": {
          "start": { "line": 80, "column": 36 },
          "end": { "line": 83, "column": 1 }
        },
        "line": 80
      },
      "6": {
        "name": "findUserByJob",
        "decl": {
          "start": { "line": 85, "column": 15 },
          "end": { "line": 85, "column": 28 }
        },
        "loc": {
          "start": { "line": 85, "column": 34 },
          "end": { "line": 88, "column": 1 }
        },
        "line": 85
      },
      "7": {
        "name": "findUserByNameAndJob",
        "decl": {
          "start": { "line": 90, "column": 15 },
          "end": { "line": 90, "column": 35 }
        },
        "loc": {
          "start": { "line": 90, "column": 47 },
          "end": { "line": 93, "column": 1 }
        },
        "line": 90
      },
      "8": {
        "name": "deleteUserById",
        "decl": {
          "start": { "line": 95, "column": 15 },
          "end": { "line": 95, "column": 29 }
        },
        "loc": {
          "start": { "line": 95, "column": 34 },
          "end": { "line": 111, "column": 1 }
        },
        "line": 95
      }
    },
    "branchMap": {
      "0": {
        "loc": {
          "start": { "line": 32, "column": 2 },
          "end": { "line": 40, "column": 3 }
        },
        "type": "if",
        "locations": [
          {
            "start": { "line": 32, "column": 2 },
            "end": { "line": 40, "column": 3 }
          },
          {
            "start": { "line": 34, "column": 9 },
            "end": { "line": 40, "column": 3 }
          }
        ],
        "line": 32
      },
      "1": {
        "loc": {
          "start": { "line": 32, "column": 6 },
          "end": { "line": 32, "column": 45 }
        },
        "type": "binary-expr",
        "locations": [
          {
            "start": { "line": 32, "column": 6 },
            "end": { "line": 32, "column": 24 }
          },
          {
            "start": { "line": 32, "column": 28 },
            "end": { "line": 32, "column": 45 }
          }
        ],
        "line": 32
      },
      "2": {
        "loc": {
          "start": { "line": 34, "column": 9 },
          "end": { "line": 40, "column": 3 }
        },
        "type": "if",
        "locations": [
          {
            "start": { "line": 34, "column": 9 },
            "end": { "line": 40, "column": 3 }
          },
          {
            "start": { "line": 36, "column": 9 },
            "end": { "line": 40, "column": 3 }
          }
        ],
        "line": 34
      },
      "3": {
        "loc": {
          "start": { "line": 34, "column": 13 },
          "end": { "line": 34, "column": 38 }
        },
        "type": "binary-expr",
        "locations": [
          {
            "start": { "line": 34, "column": 13 },
            "end": { "line": 34, "column": 17 }
          },
          {
            "start": { "line": 34, "column": 21 },
            "end": { "line": 34, "column": 38 }
          }
        ],
        "line": 34
      },
      "4": {
        "loc": {
          "start": { "line": 36, "column": 9 },
          "end": { "line": 40, "column": 3 }
        },
        "type": "if",
        "locations": [
          {
            "start": { "line": 36, "column": 9 },
            "end": { "line": 40, "column": 3 }
          },
          {
            "start": { "line": 38, "column": 9 },
            "end": { "line": 40, "column": 3 }
          }
        ],
        "line": 36
      },
      "5": {
        "loc": {
          "start": { "line": 36, "column": 13 },
          "end": { "line": 36, "column": 38 }
        },
        "type": "binary-expr",
        "locations": [
          {
            "start": { "line": 36, "column": 13 },
            "end": { "line": 36, "column": 16 }
          },
          {
            "start": { "line": 36, "column": 20 },
            "end": { "line": 36, "column": 38 }
          }
        ],
        "line": 36
      },
      "6": {
        "loc": {
          "start": { "line": 46, "column": 2 },
          "end": { "line": 48, "column": 3 }
        },
        "type": "if",
        "locations": [
          {
            "start": { "line": 46, "column": 2 },
            "end": { "line": 48, "column": 3 }
          },
          { "start": {}, "end": {} }
        ],
        "line": 46
      },
      "7": {
        "loc": {
          "start": { "line": 63, "column": 2 },
          "end": { "line": 65, "column": 3 }
        },
        "type": "if",
        "locations": [
          {
            "start": { "line": 63, "column": 2 },
            "end": { "line": 65, "column": 3 }
          },
          { "start": {}, "end": {} }
        ],
        "line": 63
      },
      "8": {
        "loc": {
          "start": { "line": 97, "column": 2 },
          "end": { "line": 99, "column": 3 }
        },
        "type": "if",
        "locations": [
          {
            "start": { "line": 97, "column": 2 },
            "end": { "line": 99, "column": 3 }
          },
          { "start": {}, "end": {} }
        ],
        "line": 97
      }
    },
    "s": {
      "0": 1,
      "1": 1,
      "2": 1,
      "3": 22,
      "4": 4,
      "5": 4,
      "6": 1,
      "7": 3,
      "8": 1,
      "9": 2,
      "10": 1,
      "11": 1,
      "12": 4,
      "13": 2,
      "14": 2,
      "15": 1,
      "16": 1,
      "17": 1,
      "18": 9,
      "19": 9,
      "20": 1,
      "21": 8,
      "22": 8,
      "23": 8,
      "24": 8,
      "25": 1,
      "26": 1,
      "27": 1,
      "28": 1,
      "29": 1,
      "30": 1,
      "31": 4,
      "32": 4,
      "33": 1,
      "34": 3,
      "35": 3,
      "36": 3
    },
    "f": {
      "0": 1,
      "1": 22,
      "2": 4,
      "3": 2,
      "4": 9,
      "5": 1,
      "6": 1,
      "7": 1,
      "8": 4
    },
    "b": {
      "0": [1, 3],
      "1": [4, 2],
      "2": [1, 2],
      "3": [3, 2],
      "4": [1, 1],
      "5": [2, 2],
      "6": [1, 1],
      "7": [1, 8],
      "8": [1, 3]
    },
    "_coverageSchema": "1a1c01bbd47fc00a2c39e90264f33305004495a9",
    "hash": "7042569a4659eb9383d3dd42957f1b23be417adc"
  },
  "/Users/elyssa/csc-308/Whats_In_The_Fridge/packages/express-backend/user.js": {
    "path": "/Users/elyssa/csc-308/Whats_In_The_Fridge/packages/express-backend/user.js",
    "statementMap": {
      "0": {
        "start": { "line": 3, "column": 19 },
        "end": { "line": 33, "column": 1 }
      },
      "1": {
        "start": { "line": 15, "column": 8 },
        "end": { "line": 15, "column": 62 }
      },
      "2": {
        "start": { "line": 15, "column": 30 },
        "end": { "line": 15, "column": 62 }
      },
      "3": {
        "start": { "line": 26, "column": 10 },
        "end": { "line": 26, "column": 58 }
      }
    },
    "fnMap": {
      "0": {
        "name": "(anonymous_0)",
        "decl": {
          "start": { "line": 14, "column": 6 },
          "end": { "line": 14, "column": 7 }
        },
        "loc": {
          "start": { "line": 14, "column": 22 },
          "end": { "line": 16, "column": 7 }
        },
        "line": 14
      },
      "1": {
        "name": "(anonymous_1)",
        "decl": {
          "start": { "line": 25, "column": 19 },
          "end": { "line": 25, "column": 20 }
        },
        "loc": {
          "start": { "line": 25, "column": 36 },
          "end": { "line": 27, "column": 9 }
        },
        "line": 25
      }
    },
    "branchMap": {
      "0": {
        "loc": {
          "start": { "line": 15, "column": 8 },
          "end": { "line": 15, "column": 62 }
        },
        "type": "if",
        "locations": [
          {
            "start": { "line": 15, "column": 8 },
            "end": { "line": 15, "column": 62 }
          },
          { "start": {}, "end": {} }
        ],
        "line": 15
      }
    },
    "s": { "0": 1, "1": 68, "2": 0, "3": 68 },
    "f": { "0": 68, "1": 68 },
    "b": { "0": [0, 68] },
    "_coverageSchema": "1a1c01bbd47fc00a2c39e90264f33305004495a9",
    "hash": "d110d5123d3977b992aff945346e4ec2eebd5acd"
  }
}
