TN:
SF:food-item.js
FNF:0
FNH:0
DA:3,1
LF:1
LH:1
BRF:0
BRH:0
end_of_record
TN:
SF:food-services.js
FN:8,setConnection
FN:13,getDbConnection
FN:27,findFoodByExpiration
FN:36,findFoodByName
FN:41,addFood
FN:57,getFood
FNF:6
FNH:6
FNDA:5,setConnection
FNDA:9,getDbConnection
FNDA:1,findFoodByExpiration
FNDA:3,findFoodByName
FNDA:2,addFood
FNDA:3,getFood
DA:4,1
DA:9,5
DA:10,5
DA:25,9
DA:30,1
DA:31,1
DA:37,3
DA:38,3
DA:42,2
DA:43,2
DA:44,2
DA:45,2
DA:46,1
DA:58,3
DA:61,3
DA:62,2
DA:64,1
DA:66,3
LF:18
LH:18
BRDA:61,0,0,2
BRDA:61,0,1,1
BRF:2
BRH:2
end_of_record
TN:
SF:user-services.js
FN:8,setConnection
FN:13,getDbConnection
FN:28,getUsers
FN:44,findUserById
FN:61,addUser
FN:80,findUserByName
FN:85,findUserByJob
FN:90,findUserByNameAndJob
FN:95,deleteUserById
FNF:9
FNH:9
FNDA:1,setConnection
FNDA:22,getDbConnection
FNDA:4,getUsers
FNDA:2,findUserById
FNDA:9,addUser
FNDA:1,findUserByName
FNDA:1,findUserByJob
FNDA:1,findUserByNameAndJob
FNDA:4,deleteUserById
DA:4,1
DA:9,1
DA:10,1
DA:25,22
DA:29,4
DA:32,4
DA:33,1
DA:34,3
DA:35,1
DA:36,2
DA:37,1
DA:39,1
DA:41,4
DA:45,2
DA:46,2
DA:47,1
DA:49,1
DA:50,1
DA:62,9
DA:63,9
DA:64,1
DA:66,8
DA:67,8
DA:68,8
DA:69,8
DA:81,1
DA:82,1
DA:86,1
DA:87,1
DA:91,1
DA:92,1
DA:96,4
DA:97,4
DA:98,1
DA:100,3
DA:101,3
DA:102,3
LF:37
LH:37
BRDA:32,0,0,1
BRDA:32,0,1,3
BRDA:32,1,0,4
BRDA:32,1,1,2
BRDA:34,2,0,1
BRDA:34,2,1,2
BRDA:34,3,0,3
BRDA:34,3,1,2
BRDA:36,4,0,1
BRDA:36,4,1,1
BRDA:36,5,0,2
BRDA:36,5,1,2
BRDA:46,6,0,1
BRDA:46,6,1,1
BRDA:63,7,0,1
BRDA:63,7,1,8
BRDA:97,8,0,1
BRDA:97,8,1,3
BRF:18
BRH:18
end_of_record
TN:
SF:user.js
FN:14,(anonymous_0)
FN:25,(anonymous_1)
FNF:2
FNH:2
FNDA:68,(anonymous_0)
FNDA:68,(anonymous_1)
DA:3,1
DA:15,68
DA:26,68
LF:3
LH:3
BRDA:15,0,0,0
BRDA:15,0,1,68
BRF:2
BRH:1
end_of_record
