{"/Users/tofu/whats_in_the_fridge/packages/react-frontend/src/Components/ExpiringList.jsx": {"path":"/Users/tofu/whats_in_the_fridge/packages/react-frontend/src/Components/ExpiringList.jsx","statementMap":{"0":{"start":{"line":12,"column":2},"end":{"line":12,"column":26}},"1":{"start":{"line":17,"column":2},"end":{"line":39,"column":4}},"2":{"start":{"line":27,"column":10},"end":{"line":35,"column":12}}},"fnMap":{"0":{"name":"ExpiringList","decl":{"start":{"line":10,"column":9},"end":{"line":10,"column":21}},"loc":{"start":{"line":10,"column":36},"end":{"line":40,"column":1}},"line":10},"1":{"name":"(anonymous_1)","decl":{"start":{"line":12,"column":12},"end":{"line":12,"column":13}},"loc":{"start":{"line":12,"column":18},"end":{"line":12,"column":20}},"line":12},"2":{"name":"onClick","decl":{"start":{"line":15,"column":11},"end":{"line":15,"column":18}},"loc":{"start":{"line":15,"column":29},"end":{"line":15,"column":31}},"line":15},"3":{"name":"(anonymous_3)","decl":{"start":{"line":26,"column":23},"end":{"line":26,"column":24}},"loc":{"start":{"line":26,"column":33},"end":{"line":36,"column":9}},"line":26}},"branchMap":{},"s":{"0":2,"1":2,"2":12},"f":{"0":2,"1":2,"2":0,"3":12},"b":{},"_coverageSchema":"1a1c01bbd47fc00a2c39e90264f33305004495a9","hash":"0521eff813b85985d4b27a43f3bd8c1242ab7f12"}
,"/Users/tofu/whats_in_the_fridge/packages/react-frontend/src/Components/IngredientSorting.jsx": {"path":"/Users/tofu/whats_in_the_fridge/packages/react-frontend/src/Components/IngredientSorting.jsx","statementMap":{"0":{"start":{"line":5,"column":19},"end":{"line":14,"column":1}},"1":{"start":{"line":17,"column":50},"end":{"line":17,"column":65}},"2":{"start":{"line":20,"column":4},"end":{"line":22,"column":68}},"3":{"start":{"line":22,"column":37},"end":{"line":22,"column":67}},"4":{"start":{"line":24,"column":2},"end":{"line":61,"column":4}},"5":{"start":{"line":35,"column":10},"end":{"line":41,"column":19}},"6":{"start":{"line":37,"column":27},"end":{"line":37,"column":56}},"7":{"start":{"line":48,"column":12},"end":{"line":54,"column":14}}},"fnMap":{"0":{"name":"IngredientList","decl":{"start":{"line":16,"column":24},"end":{"line":16,"column":38}},"loc":{"start":{"line":16,"column":56},"end":{"line":62,"column":1}},"line":16},"1":{"name":"(anonymous_1)","decl":{"start":{"line":22,"column":27},"end":{"line":22,"column":28}},"loc":{"start":{"line":22,"column":37},"end":{"line":22,"column":67}},"line":22},"2":{"name":"(anonymous_2)","decl":{"start":{"line":34,"column":24},"end":{"line":34,"column":25}},"loc":{"start":{"line":35,"column":10},"end":{"line":41,"column":19}},"line":35},"3":{"name":"(anonymous_3)","decl":{"start":{"line":37,"column":21},"end":{"line":37,"column":22}},"loc":{"start":{"line":37,"column":27},"end":{"line":37,"column":56}},"line":37},"4":{"name":"(anonymous_4)","decl":{"start":{"line":47,"column":34},"end":{"line":47,"column":35}},"loc":{"start":{"line":48,"column":12},"end":{"line":54,"column":14}},"line":48},"5":{"name":"(anonymous_5)","decl":{"start":{"line":53,"column":23},"end":{"line":53,"column":24}},"loc":{"start":{"line":53,"column":29},"end":{"line":53,"column":31}},"line":53}},"branchMap":{"0":{"loc":{"start":{"line":20,"column":4},"end":{"line":22,"column":68}},"type":"cond-expr","locations":[{"start":{"line":21,"column":8},"end":{"line":21,"column":19}},{"start":{"line":22,"column":8},"end":{"line":22,"column":68}}],"line":20},"1":{"loc":{"start":{"line":38,"column":23},"end":{"line":38,"column":68}},"type":"cond-expr","locations":[{"start":{"line":38,"column":55},"end":{"line":38,"column":63}},{"start":{"line":38,"column":66},"end":{"line":38,"column":68}}],"line":38},"2":{"loc":{"start":{"line":46,"column":9},"end":{"line":58,"column":9}},"type":"cond-expr","locations":[{"start":{"line":47,"column":10},"end":{"line":55,"column":12}},{"start":{"line":57,"column":10},"end":{"line":57,"column":83}}],"line":46}},"s":{"0":1,"1":2,"2":2,"3":0,"4":2,"5":16,"6":0,"7":12},"f":{"0":2,"1":0,"2":16,"3":0,"4":12,"5":0},"b":{"0":[2,0],"1":[2,14],"2":[2,0]},"_coverageSchema":"1a1c01bbd47fc00a2c39e90264f33305004495a9","hash":"a3a42a6eb9ab6b317c591fb8d7d65a6fa2f87787"}
,"/Users/tofu/whats_in_the_fridge/packages/react-frontend/src/Components/Menu.jsx": {"path":"/Users/tofu/whats_in_the_fridge/packages/react-frontend/src/Components/Menu.jsx","statementMap":{"0":{"start":{"line":6,"column":27},"end":{"line":6,"column":32}},"1":{"start":{"line":7,"column":26},"end":{"line":7,"column":41}},"2":{"start":{"line":14,"column":4},"end":{"line":14,"column":17}},"3":{"start":{"line":18,"column":20},"end":{"line":43,"column":8}},"4":{"start":{"line":25,"column":8},"end":{"line":25,"column":26}},"5":{"start":{"line":28,"column":8},"end":{"line":28,"column":36}},"6":{"start":{"line":30,"column":8},"end":{"line":36,"column":9}},"7":{"start":{"line":30,"column":21},"end":{"line":30,"column":22}},"8":{"start":{"line":31,"column":10},"end":{"line":35,"column":11}},"9":{"start":{"line":32,"column":12},"end":{"line":32,"column":32}},"10":{"start":{"line":33,"column":17},"end":{"line":35,"column":11}},"11":{"start":{"line":38,"column":8},"end":{"line":38,"column":19}},"12":{"start":{"line":41,"column":8},"end":{"line":41,"column":40}},"13":{"start":{"line":42,"column":8},"end":{"line":42,"column":18}},"14":{"start":{"line":45,"column":4},"end":{"line":45,"column":19}},"15":{"start":{"line":48,"column":2},"end":{"line":75,"column":4}},"16":{"start":{"line":51,"column":23},"end":{"line":51,"column":37}}},"fnMap":{"0":{"name":"Menu","decl":{"start":{"line":5,"column":9},"end":{"line":5,"column":13}},"loc":{"start":{"line":5,"column":21},"end":{"line":76,"column":1}},"line":5},"1":{"name":"FilterDropDown","decl":{"start":{"line":9,"column":11},"end":{"line":9,"column":25}},"loc":{"start":{"line":9,"column":28},"end":{"line":11,"column":3}},"line":9},"2":{"name":"getCurrentContainer","decl":{"start":{"line":12,"column":11},"end":{"line":12,"column":30}},"loc":{"start":{"line":12,"column":33},"end":{"line":15,"column":3}},"line":12},"3":{"name":"getFoodByContainer","decl":{"start":{"line":17,"column":11},"end":{"line":17,"column":29}},"loc":{"start":{"line":17,"column":32},"end":{"line":46,"column":3}},"line":17},"4":{"name":"(anonymous_4)","decl":{"start":{"line":24,"column":12},"end":{"line":24,"column":13}},"loc":{"start":{"line":24,"column":21},"end":{"line":26,"column":7}},"line":24},"5":{"name":"(anonymous_5)","decl":{"start":{"line":27,"column":12},"end":{"line":27,"column":13}},"loc":{"start":{"line":27,"column":21},"end":{"line":39,"column":7}},"line":27},"6":{"name":"(anonymous_6)","decl":{"start":{"line":40,"column":13},"end":{"line":40,"column":14}},"loc":{"start":{"line":40,"column":24},"end":{"line":43,"column":7}},"line":40},"7":{"name":"(anonymous_7)","decl":{"start":{"line":51,"column":17},"end":{"line":51,"column":18}},"loc":{"start":{"line":51,"column":23},"end":{"line":51,"column":37}},"line":51}},"branchMap":{"0":{"loc":{"start":{"line":31,"column":10},"end":{"line":35,"column":11}},"type":"if","locations":[{"start":{"line":31,"column":10},"end":{"line":35,"column":11}},{"start":{"line":33,"column":17},"end":{"line":35,"column":11}}],"line":31},"1":{"loc":{"start":{"line":33,"column":17},"end":{"line":35,"column":11}},"type":"if","locations":[{"start":{"line":33,"column":17},"end":{"line":35,"column":11}},{"start":{},"end":{}}],"line":33},"2":{"loc":{"start":{"line":58,"column":7},"end":{"line":73,"column":7}},"type":"binary-expr","locations":[{"start":{"line":58,"column":7},"end":{"line":58,"column":11}},{"start":{"line":59,"column":8},"end":{"line":72,"column":14}}],"line":58}},"s":{"0":2,"1":2,"2":0,"3":0,"4":0,"5":0,"6":0,"7":0,"8":0,"9":0,"10":0,"11":0,"12":0,"13":0,"14":0,"15":2,"16":0},"f":{"0":2,"1":0,"2":0,"3":0,"4":0,"5":0,"6":0,"7":0},"b":{"0":[0,0],"1":[0,0],"2":[2,0]},"_coverageSchema":"1a1c01bbd47fc00a2c39e90264f33305004495a9","hash":"5b7eb2ef952357ebfb23154168a6c4cb88c04930"}
,"/Users/tofu/whats_in_the_fridge/packages/react-frontend/src/Components/Notifications.jsx": {"path":"/Users/tofu/whats_in_the_fridge/packages/react-frontend/src/Components/Notifications.jsx","statementMap":{"0":{"start":{"line":6,"column":26},"end":{"line":6,"column":41}},"1":{"start":{"line":10,"column":4},"end":{"line":10,"column":62}},"2":{"start":{"line":10,"column":31},"end":{"line":10,"column":55}},"3":{"start":{"line":12,"column":24},"end":{"line":15,"column":3}},"4":{"start":{"line":14,"column":6},"end":{"line":14,"column":59}},"5":{"start":{"line":17,"column":2},"end":{"line":42,"column":4}},"6":{"start":{"line":20,"column":23},"end":{"line":20,"column":37}},"7":{"start":{"line":30,"column":14},"end":{"line":32,"column":20}}},"fnMap":{"0":{"name":"Notifications","decl":{"start":{"line":5,"column":9},"end":{"line":5,"column":22}},"loc":{"start":{"line":5,"column":37},"end":{"line":43,"column":1}},"line":5},"1":{"name":"(anonymous_1)","decl":{"start":{"line":10,"column":21},"end":{"line":10,"column":22}},"loc":{"start":{"line":10,"column":31},"end":{"line":10,"column":55}},"line":10},"2":{"name":"(anonymous_2)","decl":{"start":{"line":13,"column":4},"end":{"line":13,"column":5}},"loc":{"start":{"line":14,"column":6},"end":{"line":14,"column":59}},"line":14},"3":{"name":"(anonymous_3)","decl":{"start":{"line":20,"column":17},"end":{"line":20,"column":18}},"loc":{"start":{"line":20,"column":23},"end":{"line":20,"column":37}},"line":20},"4":{"name":"(anonymous_4)","decl":{"start":{"line":29,"column":30},"end":{"line":29,"column":31}},"loc":{"start":{"line":30,"column":14},"end":{"line":32,"column":20}},"line":30}},"branchMap":{"0":{"loc":{"start":{"line":10,"column":4},"end":{"line":10,"column":62}},"type":"binary-expr","locations":[{"start":{"line":10,"column":4},"end":{"line":10,"column":56}},{"start":{"line":10,"column":60},"end":{"line":10,"column":62}}],"line":10},"1":{"loc":{"start":{"line":26,"column":7},"end":{"line":40,"column":7}},"type":"binary-expr","locations":[{"start":{"line":26,"column":7},"end":{"line":26,"column":11}},{"start":{"line":27,"column":8},"end":{"line":39,"column":14}}],"line":26},"2":{"loc":{"start":{"line":28,"column":11},"end":{"line":38,"column":11}},"type":"cond-expr","locations":[{"start":{"line":29,"column":12},"end":{"line":33,"column":14}},{"start":{"line":35,"column":12},"end":{"line":37,"column":18}}],"line":28}},"s":{"0":2,"1":2,"2":12,"3":2,"4":4,"5":2,"6":0,"7":0},"f":{"0":2,"1":12,"2":4,"3":0,"4":0},"b":{"0":[2,0],"1":[2,0],"2":[0,0]},"_coverageSchema":"1a1c01bbd47fc00a2c39e90264f33305004495a9","hash":"5adc697c6ebd78c7fcc7e2d9deab36800acbbb9a"}
,"/Users/tofu/whats_in_the_fridge/packages/react-frontend/src/Components/SearchBar.jsx": {"path":"/Users/tofu/whats_in_the_fridge/packages/react-frontend/src/Components/SearchBar.jsx","statementMap":{"0":{"start":{"line":7,"column":26},"end":{"line":7,"column":44}},"1":{"start":{"line":8,"column":36},"end":{"line":8,"column":51}},"2":{"start":{"line":10,"column":23},"end":{"line":12,"column":3}},"3":{"start":{"line":11,"column":4},"end":{"line":11,"column":32}},"4":{"start":{"line":14,"column":22},"end":{"line":19,"column":3}},"5":{"start":{"line":15,"column":4},"end":{"line":18,"column":5}},"6":{"start":{"line":16,"column":6},"end":{"line":16,"column":18}},"7":{"start":{"line":17,"column":6},"end":{"line":17,"column":25}},"8":{"start":{"line":21,"column":26},"end":{"line":26,"column":3}},"9":{"start":{"line":22,"column":4},"end":{"line":25,"column":5}},"10":{"start":{"line":23,"column":6},"end":{"line":23,"column":24}},"11":{"start":{"line":24,"column":6},"end":{"line":24,"column":26}},"12":{"start":{"line":30,"column":20},"end":{"line":38,"column":6}},"13":{"start":{"line":39,"column":4},"end":{"line":39,"column":19}},"14":{"start":{"line":46,"column":22},"end":{"line":46,"column":33}},"15":{"start":{"line":47,"column":20},"end":{"line":66,"column":8}},"16":{"start":{"line":57,"column":8},"end":{"line":57,"column":26}},"17":{"start":{"line":60,"column":8},"end":{"line":60,"column":36}},"18":{"start":{"line":61,"column":8},"end":{"line":61,"column":19}},"19":{"start":{"line":64,"column":8},"end":{"line":64,"column":40}},"20":{"start":{"line":65,"column":8},"end":{"line":65,"column":18}},"21":{"start":{"line":67,"column":4},"end":{"line":67,"column":19}},"22":{"start":{"line":70,"column":24},"end":{"line":90,"column":3}},"23":{"start":{"line":71,"column":4},"end":{"line":89,"column":5}},"24":{"start":{"line":72,"column":6},"end":{"line":72,"column":25}},"25":{"start":{"line":73,"column":6},"end":{"line":73,"column":41}},"26":{"start":{"line":75,"column":6},"end":{"line":79,"column":9}},"27":{"start":{"line":76,"column":8},"end":{"line":78,"column":9}},"28":{"start":{"line":77,"column":10},"end":{"line":77,"column":27}},"29":{"start":{"line":80,"column":11},"end":{"line":89,"column":5}},"30":{"start":{"line":81,"column":6},"end":{"line":81,"column":25}},"31":{"start":{"line":82,"column":6},"end":{"line":82,"column":41}},"32":{"start":{"line":84,"column":6},"end":{"line":88,"column":9}},"33":{"start":{"line":85,"column":8},"end":{"line":87,"column":9}},"34":{"start":{"line":86,"column":10},"end":{"line":86,"column":27}},"35":{"start":{"line":94,"column":2},"end":{"line":115,"column":4}}},"fnMap":{"0":{"name":"SearchBar","decl":{"start":{"line":6,"column":9},"end":{"line":6,"column":18}},"loc":{"start":{"line":6,"column":26},"end":{"line":116,"column":1}},"line":6},"1":{"name":"(anonymous_1)","decl":{"start":{"line":10,"column":23},"end":{"line":10,"column":24}},"loc":{"start":{"line":10,"column":34},"end":{"line":12,"column":3}},"line":10},"2":{"name":"(anonymous_2)","decl":{"start":{"line":14,"column":22},"end":{"line":14,"column":23}},"loc":{"start":{"line":14,"column":29},"end":{"line":19,"column":3}},"line":14},"3":{"name":"(anonymous_3)","decl":{"start":{"line":21,"column":26},"end":{"line":21,"column":27}},"loc":{"start":{"line":21,"column":33},"end":{"line":26,"column":3}},"line":21},"4":{"name":"postText","decl":{"start":{"line":29,"column":11},"end":{"line":29,"column":19}},"loc":{"start":{"line":29,"column":22},"end":{"line":40,"column":3}},"line":29},"5":{"name":"getFoodFromText","decl":{"start":{"line":42,"column":11},"end":{"line":42,"column":26}},"loc":{"start":{"line":42,"column":29},"end":{"line":68,"column":3}},"line":42},"6":{"name":"(anonymous_6)","decl":{"start":{"line":56,"column":12},"end":{"line":56,"column":13}},"loc":{"start":{"line":56,"column":21},"end":{"line":58,"column":7}},"line":56},"7":{"name":"(anonymous_7)","decl":{"start":{"line":59,"column":12},"end":{"line":59,"column":13}},"loc":{"start":{"line":59,"column":21},"end":{"line":62,"column":7}},"line":59},"8":{"name":"(anonymous_8)","decl":{"start":{"line":63,"column":13},"end":{"line":63,"column":14}},"loc":{"start":{"line":63,"column":24},"end":{"line":66,"column":7}},"line":63},"9":{"name":"(anonymous_9)","decl":{"start":{"line":70,"column":24},"end":{"line":70,"column":25}},"loc":{"start":{"line":70,"column":31},"end":{"line":90,"column":3}},"line":70},"10":{"name":"(anonymous_10)","decl":{"start":{"line":75,"column":29},"end":{"line":75,"column":30}},"loc":{"start":{"line":75,"column":38},"end":{"line":79,"column":7}},"line":75},"11":{"name":"(anonymous_11)","decl":{"start":{"line":84,"column":22},"end":{"line":84,"column":23}},"loc":{"start":{"line":84,"column":31},"end":{"line":88,"column":7}},"line":84},"12":{"name":"FilterDropDown","decl":{"start":{"line":92,"column":11},"end":{"line":92,"column":25}},"loc":{"start":{"line":92,"column":28},"end":{"line":92,"column":30}},"line":92}},"branchMap":{"0":{"loc":{"start":{"line":15,"column":4},"end":{"line":18,"column":5}},"type":"if","locations":[{"start":{"line":15,"column":4},"end":{"line":18,"column":5}},{"start":{},"end":{}}],"line":15},"1":{"loc":{"start":{"line":22,"column":4},"end":{"line":25,"column":5}},"type":"if","locations":[{"start":{"line":22,"column":4},"end":{"line":25,"column":5}},{"start":{},"end":{}}],"line":22},"2":{"loc":{"start":{"line":48,"column":35},"end":{"line":48,"column":73}},"type":"cond-expr","locations":[{"start":{"line":48,"column":53},"end":{"line":48,"column":68}},{"start":{"line":48,"column":71},"end":{"line":48,"column":73}}],"line":48},"3":{"loc":{"start":{"line":71,"column":4},"end":{"line":89,"column":5}},"type":"if","locations":[{"start":{"line":71,"column":4},"end":{"line":89,"column":5}},{"start":{"line":80,"column":11},"end":{"line":89,"column":5}}],"line":71},"4":{"loc":{"start":{"line":76,"column":8},"end":{"line":78,"column":9}},"type":"if","locations":[{"start":{"line":76,"column":8},"end":{"line":78,"column":9}},{"start":{},"end":{}}],"line":76},"5":{"loc":{"start":{"line":80,"column":11},"end":{"line":89,"column":5}},"type":"if","locations":[{"start":{"line":80,"column":11},"end":{"line":89,"column":5}},{"start":{},"end":{}}],"line":80},"6":{"loc":{"start":{"line":85,"column":8},"end":{"line":87,"column":9}},"type":"if","locations":[{"start":{"line":85,"column":8},"end":{"line":87,"column":9}},{"start":{},"end":{}}],"line":85}},"s":{"0":4,"1":4,"2":4,"3":0,"4":4,"5":0,"6":0,"7":0,"8":4,"9":0,"10":0,"11":0,"12":0,"13":0,"14":0,"15":0,"16":0,"17":0,"18":0,"19":0,"20":0,"21":0,"22":4,"23":0,"24":0,"25":0,"26":0,"27":0,"28":0,"29":0,"30":0,"31":0,"32":0,"33":0,"34":0,"35":4},"f":{"0":4,"1":0,"2":0,"3":0,"4":0,"5":0,"6":0,"7":0,"8":0,"9":0,"10":0,"11":0,"12":1},"b":{"0":[0,0],"1":[0,0],"2":[0,0],"3":[0,0],"4":[0,0],"5":[0,0],"6":[0,0]},"_coverageSchema":"1a1c01bbd47fc00a2c39e90264f33305004495a9","hash":"cec624fc5baff67efe9b37297522dd1944feda72"}
,"/Users/tofu/whats_in_the_fridge/packages/react-frontend/src/Components/Toolbar.jsx": {"path":"/Users/tofu/whats_in_the_fridge/packages/react-frontend/src/Components/Toolbar.jsx","statementMap":{"0":{"start":{"line":14,"column":19},"end":{"line":14,"column":32}},"1":{"start":{"line":17,"column":4},"end":{"line":17,"column":25}},"2":{"start":{"line":21,"column":4},"end":{"line":21,"column":30}},"3":{"start":{"line":25,"column":4},"end":{"line":25,"column":18}},"4":{"start":{"line":29,"column":4},"end":{"line":29,"column":34}},"5":{"start":{"line":33,"column":4},"end":{"line":33,"column":22}},"6":{"start":{"line":36,"column":2},"end":{"line":59,"column":4}}},"fnMap":{"0":{"name":"Toolbar","decl":{"start":{"line":13,"column":9},"end":{"line":13,"column":16}},"loc":{"start":{"line":13,"column":19},"end":{"line":60,"column":1}},"line":13},"1":{"name":"navToProfile","decl":{"start":{"line":16,"column":11},"end":{"line":16,"column":23}},"loc":{"start":{"line":16,"column":26},"end":{"line":18,"column":3}},"line":16},"2":{"name":"navToGroceryList","decl":{"start":{"line":20,"column":11},"end":{"line":20,"column":27}},"loc":{"start":{"line":20,"column":30},"end":{"line":22,"column":3}},"line":20},"3":{"name":"navToHome","decl":{"start":{"line":24,"column":11},"end":{"line":24,"column":20}},"loc":{"start":{"line":24,"column":23},"end":{"line":26,"column":3}},"line":24},"4":{"name":"navToRecipeSuggester","decl":{"start":{"line":28,"column":11},"end":{"line":28,"column":31}},"loc":{"start":{"line":28,"column":34},"end":{"line":30,"column":3}},"line":28},"5":{"name":"navToFood","decl":{"start":{"line":32,"column":11},"end":{"line":32,"column":20}},"loc":{"start":{"line":32,"column":23},"end":{"line":34,"column":3}},"line":32}},"branchMap":{},"s":{"0":2,"1":0,"2":0,"3":0,"4":0,"5":0,"6":2},"f":{"0":2,"1":0,"2":0,"3":0,"4":0,"5":0},"b":{},"_coverageSchema":"1a1c01bbd47fc00a2c39e90264f33305004495a9","hash":"67cacc0ca697b2a7d238c64293a39fb67c2ba34a"}
,"/Users/tofu/whats_in_the_fridge/packages/react-frontend/src/Components/card/Card.jsx": {"path":"/Users/tofu/whats_in_the_fridge/packages/react-frontend/src/Components/card/Card.jsx","statementMap":{"0":{"start":{"line":11,"column":2},"end":{"line":23,"column":4}}},"fnMap":{"0":{"name":"Card","decl":{"start":{"line":10,"column":9},"end":{"line":10,"column":13}},"loc":{"start":{"line":10,"column":21},"end":{"line":24,"column":1}},"line":10}},"branchMap":{},"s":{"0":24},"f":{"0":24},"b":{},"_coverageSchema":"1a1c01bbd47fc00a2c39e90264f33305004495a9","hash":"96846227f34d0c3fae8c32acfe4cf92ace776049"}
,"/Users/tofu/whats_in_the_fridge/packages/react-frontend/src/Components/card/ExpirationTag.jsx": {"path":"/Users/tofu/whats_in_the_fridge/packages/react-frontend/src/Components/card/ExpirationTag.jsx","statementMap":{"0":{"start":{"line":4,"column":22},"end":{"line":35,"column":1}},"1":{"start":{"line":6,"column":18},"end":{"line":6,"column":58}},"2":{"start":{"line":7,"column":4},"end":{"line":7,"column":45}},"3":{"start":{"line":12,"column":19},"end":{"line":12,"column":37}},"4":{"start":{"line":13,"column":4},"end":{"line":19,"column":5}},"5":{"start":{"line":14,"column":6},"end":{"line":18,"column":7}},"6":{"start":{"line":15,"column":8},"end":{"line":15,"column":36}},"7":{"start":{"line":16,"column":13},"end":{"line":18,"column":7}},"8":{"start":{"line":17,"column":8},"end":{"line":17,"column":39}},"9":{"start":{"line":20,"column":4},"end":{"line":20,"column":20}},"10":{"start":{"line":22,"column":14},"end":{"line":22,"column":47}},"11":{"start":{"line":24,"column":2},"end":{"line":34,"column":4}}},"fnMap":{"0":{"name":"(anonymous_0)","decl":{"start":{"line":4,"column":22},"end":{"line":4,"column":23}},"loc":{"start":{"line":4,"column":33},"end":{"line":35,"column":1}},"line":4},"1":{"name":"buildString","decl":{"start":{"line":5,"column":11},"end":{"line":5,"column":22}},"loc":{"start":{"line":5,"column":25},"end":{"line":8,"column":3}},"line":5},"2":{"name":"determineTag","decl":{"start":{"line":11,"column":11},"end":{"line":11,"column":23}},"loc":{"start":{"line":11,"column":39},"end":{"line":21,"column":3}},"line":11}},"branchMap":{"0":{"loc":{"start":{"line":6,"column":18},"end":{"line":6,"column":58}},"type":"cond-expr","locations":[{"start":{"line":6,"column":44},"end":{"line":6,"column":50}},{"start":{"line":6,"column":53},"end":{"line":6,"column":58}}],"line":6},"1":{"loc":{"start":{"line":13,"column":4},"end":{"line":19,"column":5}},"type":"if","locations":[{"start":{"line":13,"column":4},"end":{"line":19,"column":5}},{"start":{},"end":{}}],"line":13},"2":{"loc":{"start":{"line":14,"column":6},"end":{"line":18,"column":7}},"type":"if","locations":[{"start":{"line":14,"column":6},"end":{"line":18,"column":7}},{"start":{"line":16,"column":13},"end":{"line":18,"column":7}}],"line":14},"3":{"loc":{"start":{"line":16,"column":13},"end":{"line":18,"column":7}},"type":"if","locations":[{"start":{"line":16,"column":13},"end":{"line":18,"column":7}},{"start":{},"end":{}}],"line":16},"4":{"loc":{"start":{"line":26,"column":20},"end":{"line":26,"column":89}},"type":"cond-expr","locations":[{"start":{"line":26,"column":48},"end":{"line":26,"column":70}},{"start":{"line":26,"column":73},"end":{"line":26,"column":89}}],"line":26},"5":{"loc":{"start":{"line":29,"column":9},"end":{"line":31,"column":27}},"type":"cond-expr","locations":[{"start":{"line":30,"column":12},"end":{"line":30,"column":80}},{"start":{"line":31,"column":12},"end":{"line":31,"column":27}}],"line":29},"6":{"loc":{"start":{"line":30,"column":38},"end":{"line":30,"column":78}},"type":"cond-expr","locations":[{"start":{"line":30,"column":64},"end":{"line":30,"column":70}},{"start":{"line":30,"column":73},"end":{"line":30,"column":78}}],"line":30}},"s":{"0":1,"1":0,"2":0,"3":24,"4":24,"5":24,"6":8,"7":16,"8":8,"9":24,"10":24,"11":24},"f":{"0":24,"1":0,"2":24},"b":{"0":[0,0],"1":[24,0],"2":[8,16],"3":[8,8],"4":[4,20],"5":[24,0],"6":[20,4]},"_coverageSchema":"1a1c01bbd47fc00a2c39e90264f33305004495a9","hash":"b5f1c598d6f0c7fea886643e38f512d322f7e386"}
,"/Users/tofu/whats_in_the_fridge/packages/react-frontend/src/Pages/Home.jsx": {"path":"/Users/tofu/whats_in_the_fridge/packages/react-frontend/src/Pages/Home.jsx","statementMap":{"0":{"start":{"line":13,"column":34},"end":{"line":56,"column":4}},"1":{"start":{"line":59,"column":2},"end":{"line":74,"column":4}}},"fnMap":{"0":{"name":"Home","decl":{"start":{"line":12,"column":9},"end":{"line":12,"column":13}},"loc":{"start":{"line":12,"column":62},"end":{"line":75,"column":1}},"line":12}},"branchMap":{},"s":{"0":2,"1":2},"f":{"0":2},"b":{},"_coverageSchema":"1a1c01bbd47fc00a2c39e90264f33305004495a9","hash":"38995e2ce31af8887594fd561e7befde7cf971d9"}
}
