TN:
SF:packages/react-frontend/src/Components/ExpiringList.jsx
FN:10,ExpiringList
FN:12,(anonymous_1)
FN:15,onClick
FN:26,(anonymous_3)
FNF:4
FNH:3
FNDA:2,ExpiringList
FNDA:2,(anonymous_1)
FNDA:0,onClick
FNDA:12,(anonymous_3)
DA:12,2
DA:17,2
DA:27,12
LF:3
LH:3
BRF:0
BRH:0
end_of_record
TN:
SF:packages/react-frontend/src/Components/IngredientSorting.jsx
FN:16,IngredientList
FN:22,(anonymous_1)
FN:34,(anonymous_2)
FN:37,(anonymous_3)
FN:47,(anonymous_4)
FN:53,(anonymous_5)
FNF:6
FNH:3
FNDA:2,IngredientList
FNDA:0,(anonymous_1)
FNDA:16,(anonymous_2)
FNDA:0,(anonymous_3)
FNDA:12,(anonymous_4)
FNDA:0,(anonymous_5)
DA:5,1
DA:17,2
DA:20,2
DA:22,0
DA:24,2
DA:35,16
DA:37,0
DA:48,12
LF:8
LH:6
BRDA:20,0,0,2
BRDA:20,0,1,0
BRDA:38,1,0,2
BRDA:38,1,1,14
BRDA:46,2,0,2
BRDA:46,2,1,0
BRF:6
BRH:4
end_of_record
TN:
SF:packages/react-frontend/src/Components/Menu.jsx
FN:5,Menu
FN:9,FilterDropDown
FN:12,getCurrentContainer
FN:17,getFoodByContainer
FN:24,(anonymous_4)
FN:27,(anonymous_5)
FN:40,(anonymous_6)
FN:51,(anonymous_7)
FNF:8
FNH:1
FNDA:2,Menu
FNDA:0,FilterDropDown
FNDA:0,getCurrentContainer
FNDA:0,getFoodByContainer
FNDA:0,(anonymous_4)
FNDA:0,(anonymous_5)
FNDA:0,(anonymous_6)
FNDA:0,(anonymous_7)
DA:6,2
DA:7,2
DA:14,0
DA:18,0
DA:25,0
DA:28,0
DA:30,0
DA:31,0
DA:32,0
DA:33,0
DA:38,0
DA:41,0
DA:42,0
DA:45,0
DA:48,2
DA:51,0
LF:16
LH:3
BRDA:31,0,0,0
BRDA:31,0,1,0
BRDA:33,1,0,0
BRDA:33,1,1,0
BRDA:58,2,0,2
BRDA:58,2,1,0
BRF:6
BRH:1
end_of_record
TN:
SF:packages/react-frontend/src/Components/Notifications.jsx
FN:5,Notifications
FN:10,(anonymous_1)
FN:13,(anonymous_2)
FN:20,(anonymous_3)
FN:29,(anonymous_4)
FNF:5
FNH:3
FNDA:2,Notifications
FNDA:12,(anonymous_1)
FNDA:4,(anonymous_2)
FNDA:0,(anonymous_3)
FNDA:0,(anonymous_4)
DA:6,2
DA:10,12
DA:12,2
DA:14,4
DA:17,2
DA:20,0
DA:30,0
LF:7
LH:5
BRDA:10,0,0,2
BRDA:10,0,1,0
BRDA:26,1,0,2
BRDA:26,1,1,0
BRDA:28,2,0,0
BRDA:28,2,1,0
BRF:6
BRH:2
end_of_record
TN:
SF:packages/react-frontend/src/Components/SearchBar.jsx
FN:6,SearchBar
FN:10,(anonymous_1)
FN:14,(anonymous_2)
FN:21,(anonymous_3)
FN:29,postText
FN:42,getFoodFromText
FN:56,(anonymous_6)
FN:59,(anonymous_7)
FN:63,(anonymous_8)
FN:70,(anonymous_9)
FN:75,(anonymous_10)
FN:84,(anonymous_11)
FN:92,FilterDropDown
FNF:13
FNH:2
FNDA:4,SearchBar
FNDA:0,(anonymous_1)
FNDA:0,(anonymous_2)
FNDA:0,(anonymous_3)
FNDA:0,postText
FNDA:0,getFoodFromText
FNDA:0,(anonymous_6)
FNDA:0,(anonymous_7)
FNDA:0,(anonymous_8)
FNDA:0,(anonymous_9)
FNDA:0,(anonymous_10)
FNDA:0,(anonymous_11)
FNDA:1,FilterDropDown
DA:7,4
DA:8,4
DA:10,4
DA:11,0
DA:14,4
DA:15,0
DA:16,0
DA:17,0
DA:21,4
DA:22,0
DA:23,0
DA:24,0
DA:30,0
DA:39,0
DA:46,0
DA:47,0
DA:57,0
DA:60,0
DA:61,0
DA:64,0
DA:65,0
DA:67,0
DA:70,4
DA:71,0
DA:72,0
DA:73,0
DA:75,0
DA:76,0
DA:77,0
DA:80,0
DA:81,0
DA:82,0
DA:84,0
DA:85,0
DA:86,0
DA:94,4
LF:36
LH:7
BRDA:15,0,0,0
BRDA:15,0,1,0
BRDA:22,1,0,0
BRDA:22,1,1,0
BRDA:48,2,0,0
BRDA:48,2,1,0
BRDA:71,3,0,0
BRDA:71,3,1,0
BRDA:76,4,0,0
BRDA:76,4,1,0
BRDA:80,5,0,0
BRDA:80,5,1,0
BRDA:85,6,0,0
BRDA:85,6,1,0
BRF:14
BRH:0
end_of_record
TN:
SF:packages/react-frontend/src/Components/Toolbar.jsx
FN:13,Toolbar
FN:16,navToProfile
FN:20,navToGroceryList
FN:24,navToHome
FN:28,navToRecipeSuggester
FN:32,navToFood
FNF:6
FNH:1
FNDA:2,Toolbar
FNDA:0,navToProfile
FNDA:0,navToGroceryList
FNDA:0,navToHome
FNDA:0,navToRecipeSuggester
FNDA:0,navToFood
DA:14,2
DA:17,0
DA:21,0
DA:25,0
DA:29,0
DA:33,0
DA:36,2
LF:7
LH:2
BRF:0
BRH:0
end_of_record
TN:
SF:packages/react-frontend/src/Components/card/Card.jsx
FN:10,Card
FNF:1
FNH:1
FNDA:24,Card
DA:11,24
LF:1
LH:1
BRF:0
BRH:0
end_of_record
TN:
SF:packages/react-frontend/src/Components/card/ExpirationTag.jsx
FN:4,(anonymous_0)
FN:5,buildString
FN:11,determineTag
FNF:3
FNH:2
FNDA:24,(anonymous_0)
FNDA:0,buildString
FNDA:24,determineTag
DA:4,1
DA:6,0
DA:7,0
DA:12,24
DA:13,24
DA:14,24
DA:15,8
DA:16,16
DA:17,8
DA:20,24
DA:22,24
DA:24,24
LF:12
LH:10
BRDA:6,0,0,0
BRDA:6,0,1,0
BRDA:13,1,0,24
BRDA:13,1,1,0
BRDA:14,2,0,8
BRDA:14,2,1,16
BRDA:16,3,0,8
BRDA:16,3,1,8
BRDA:26,4,0,4
BRDA:26,4,1,20
BRDA:29,5,0,24
BRDA:29,5,1,0
BRDA:30,6,0,20
BRDA:30,6,1,4
BRF:14
BRH:10
end_of_record
TN:
SF:packages/react-frontend/src/Pages/Home.jsx
FN:12,Home
FNF:1
FNH:1
FNDA:2,Home
DA:13,2
DA:59,2
LF:2
LH:2
BRF:0
BRH:0
end_of_record
