TN:
SF:packages/express-backend/food-item.js
FNF:0
FNH:0
DA:3,2
LF:1
LH:1
BRF:0
BRH:0
end_of_record
TN:
SF:packages/express-backend/food-services.js
FN:8,setConnection
FN:13,getDbConnection
FN:27,findFoodByExpiration
FN:36,findFoodByName
FN:41,CheckFoodLocationValid
FN:44,(anonymous_5)
FN:47,addFood
FN:72,getFood
FNF:8
FNH:8
FNDA:13,setConnection
FNDA:18,getDbConnection
FNDA:1,findFoodByExpiration
FNDA:4,findFoodByName
FNDA:4,CheckFoodLocationValid
FNDA:10,(anonymous_5)
FNDA:8,addFood
FNDA:5,getFood
DA:4,2
DA:9,13
DA:10,13
DA:25,18
DA:30,1
DA:31,1
DA:37,4
DA:38,4
DA:42,4
DA:44,10
DA:48,8
DA:49,8
DA:50,8
DA:56,3
DA:57,3
DA:58,3
DA:60,5
DA:73,5
DA:76,5
DA:77,3
DA:79,2
DA:81,5
LF:22
LH:22
BRDA:50,0,0,3
BRDA:50,0,1,5
BRDA:51,1,0,8
BRDA:51,1,1,7
BRDA:51,1,2,5
BRDA:51,1,3,4
BRDA:76,2,0,3
BRDA:76,2,1,2
BRF:8
BRH:8
end_of_record
TN:
SF:packages/express-backend/user-services.js
FN:8,setConnection
FN:13,getDbConnection
FN:28,getUsers
FN:44,findUserById
FN:61,addUser
FN:80,findUserByName
FN:85,findUserByJob
FN:90,findUserByNameAndJob
FN:95,deleteUserById
FNF:9
FNH:9
FNDA:6,setConnection
FNDA:27,getDbConnection
FNDA:5,getUsers
FNDA:2,findUserById
FNDA:11,addUser
FNDA:2,findUserByName
FNDA:2,findUserByJob
FNDA:1,findUserByNameAndJob
FNDA:4,deleteUserById
DA:4,2
DA:9,6
DA:10,6
DA:25,27
DA:29,5
DA:32,5
DA:33,2
DA:34,3
DA:35,1
DA:36,2
DA:37,1
DA:39,1
DA:41,5
DA:45,2
DA:46,2
DA:47,1
DA:49,1
DA:50,1
DA:62,11
DA:63,11
DA:64,2
DA:66,9
DA:67,9
DA:68,9
DA:69,9
DA:81,2
DA:82,2
DA:86,2
DA:87,2
DA:91,1
DA:92,1
DA:96,4
DA:97,4
DA:98,1
DA:100,3
DA:101,3
DA:102,3
LF:37
LH:37
BRDA:32,0,0,2
BRDA:32,0,1,3
BRDA:32,1,0,5
BRDA:32,1,1,3
BRDA:34,2,0,1
BRDA:34,2,1,2
BRDA:34,3,0,3
BRDA:34,3,1,2
BRDA:36,4,0,1
BRDA:36,4,1,1
BRDA:36,5,0,2
BRDA:36,5,1,2
BRDA:46,6,0,1
BRDA:46,6,1,1
BRDA:63,7,0,2
BRDA:63,7,1,9
BRDA:63,8,0,11
BRDA:63,8,1,10
BRDA:97,9,0,1
BRDA:97,9,1,3
BRF:20
BRH:20
end_of_record
TN:
SF:packages/express-backend/user.js
FN:22,(anonymous_0)
FNF:1
FNH:1
FNDA:68,(anonymous_0)
DA:3,2
DA:23,68
LF:2
LH:2
BRF:0
BRH:0
end_of_record
